<?xml version="1.0" encoding="UTF-8"?>
<!-- Generated by org.testng.reporters.JUnitXMLReporter -->
<testsuite hostname="JAIHANUMAN" ignored="0" name="Command line test" tests="1" failures="1" timestamp="2020-04-26T19:55:40 IST" time="0.053" errors="0">
  <testcase name="openchrome" time="0.0" classname="JenkinsPack.jenkinsTest.openGoogleTest">
    <failure type="org.testng.TestNGException" message="
Cannot inject @Test annotated Method [openchrome] with [interface org.openqa.selenium.WebDriver].
For more information on native dependency injection please refer to http://testng.org/doc/documentation-main.html#native-dependency-injection">
      <![CDATA[org.testng.TestNGException: 
Cannot inject @Test annotated Method [openchrome] with [interface org.openqa.selenium.WebDriver].
For more information on native dependency injection please refer to http://testng.org/doc/documentation-main.html#native-dependency-injection
at java.util.ArrayList.forEach(Unknown Source)
... Removed 35 stack frames]]>
    </failure>
  </testcase> <!-- openchrome -->
</testsuite> <!-- Command line test -->
